<?xml version="1.0" encoding="UTF-8"?>
<!-- Generated by org.testng.reporters.JUnitXMLReporter -->
<testsuite ignored="0" hostname="MacBookdeAgnes" failures="0" tests="5" name="Default test" time="0.089" errors="0" timestamp="2020-04-19T09:06:08 CEST">
  <testcase classname="testCases.ExecuteTest" name="@BeforeTest browserlaunch" time="-1.587279968485E9">
    <failure type="org.testng.TestNGException" message="
Parameter &amp;apos;browser&amp;apos; is required by BeforeTest on method browserlaunch but has not been marked @Optional or defined
in /private/var/folders/dy/q4nqsr4j2479d4tn15b5nkn40000gn/T/testng-eclipse-250776248/testng-customsuite.xml">
      <![CDATA[org.testng.TestNGException: 
Parameter 'browser' is required by BeforeTest on method browserlaunch but has not been marked @Optional or defined
in /private/var/folders/dy/q4nqsr4j2479d4tn15b5nkn40000gn/T/testng-eclipse-250776248/testng-customsuite.xml
at org.testng.internal.Parameters.createParams(Parameters.java:272)
at org.testng.internal.Parameters.createParametersForMethod(Parameters.java:360)
at org.testng.internal.Parameters.createParameters(Parameters.java:704)
at org.testng.internal.Parameters.createConfigurationParameters(Parameters.java:166)
at org.testng.internal.ConfigInvoker.invokeConfigurations(ConfigInvoker.java:283)
at org.testng.TestRunner.invokeTestConfigurations(TestRunner.java:619)
at org.testng.TestRunner.beforeRun(TestRunner.java:609)
at org.testng.TestRunner.run(TestRunner.java:580)
at org.testng.SuiteRunner.runTest(SuiteRunner.java:384)
at org.testng.SuiteRunner.runSequentially(SuiteRunner.java:378)
at org.testng.SuiteRunner.privateRun(SuiteRunner.java:337)
at org.testng.SuiteRunner.run(SuiteRunner.java:286)
at org.testng.SuiteRunnerWorker.runSuite(SuiteRunnerWorker.java:53)
at org.testng.SuiteRunnerWorker.run(SuiteRunnerWorker.java:96)
at org.testng.TestNG.runSuitesSequentially(TestNG.java:1187)
at org.testng.TestNG.runSuitesLocally(TestNG.java:1109)
at org.testng.TestNG.runSuites(TestNG.java:1039)
at org.testng.TestNG.run(TestNG.java:1007)
at org.testng.remote.AbstractRemoteTestNG.run(AbstractRemoteTestNG.java:115)
at org.testng.remote.RemoteTestNG.initAndRun(RemoteTestNG.java:251)
at org.testng.remote.RemoteTestNG.main(RemoteTestNG.java:77)
]]>
    </failure>
  </testcase> <!-- @BeforeTest browserlaunch -->
  <testcase classname="testCases.ExecuteTest" name="@AfterMethod screenshot" time="-1.587279968531E9">
    <skipped/>
  </testcase> <!-- @AfterMethod screenshot -->
  <testcase classname="testCases.ExecuteTest" name="@AfterMethod screenshot" time="-1.587279968541E9">
    <skipped/>
  </testcase> <!-- @AfterMethod screenshot -->
  <testcase classname="testCases.ExecuteTest" name="@AfterMethod screenshot" time="-1.587279968552E9">
    <skipped/>
  </testcase> <!-- @AfterMethod screenshot -->
  <testcase classname="testCases.ExecuteTest" name="@AfterMethod screenshot" time="-1.587279968558E9">
    <skipped/>
  </testcase> <!-- @AfterMethod screenshot -->
  <testcase classname="testCases.ExecuteTest" name="@AfterMethod screenshot" time="-1.587279968566E9">
    <skipped/>
  </testcase> <!-- @AfterMethod screenshot -->
  <testcase classname="testCases.ExecuteTest" name="@AfterTest closeBrowser" time="-1.58727996857E9">
    <skipped/>
  </testcase> <!-- @AfterTest closeBrowser -->
  <testcase classname="testCases.ExecuteTest" name="AddNewLabel" time="0.0">
    <skipped/>
  </testcase> <!-- AddNewLabel -->
  <testcase classname="testCases.ExecuteTest" name="CancelAddNewLabel" time="0.0">
    <skipped/>
  </testcase> <!-- CancelAddNewLabel -->
  <testcase classname="testCases.ExecuteTest" name="ModifyLabel" time="0.0">
    <skipped/>
  </testcase> <!-- ModifyLabel -->
  <testcase classname="testCases.ExecuteTest" name="DeleteLabel" time="0.0">
    <skipped/>
  </testcase> <!-- DeleteLabel -->
  <testcase classname="testCases.ExecuteTest" name="AssignLabelToEmail" time="0.0">
    <skipped/>
  </testcase> <!-- AssignLabelToEmail -->
</testsuite> <!-- Default test -->
