<?xml version="1.0" encoding="UTF-8"?>
<!-- Generated by org.testng.reporters.JUnitXMLReporter -->
<testsuite ignored="0" hostname="MacBookdeAgnes" failures="5" tests="5" name="Test firefox " time="70.787" errors="0" timestamp="2020-04-19T10:51:14 CEST">
  <testcase classname="testCases.ExecuteTest" name="AddNewLabel" time="0.006">
    <failure type="java.lang.NullPointerException">
      <![CDATA[java.lang.NullPointerException
at testCases.ExecuteTest.AddNewLabel(ExecuteTest.java:101)
at java.base/java.util.ArrayList.forEach(ArrayList.java:1510)
... Removed 27 stack frames]]>
    </failure>
  </testcase> <!-- AddNewLabel -->
  <testcase classname="testCases.ExecuteTest" name="CancelAddNewLabel" time="0.002">
    <failure type="java.lang.NullPointerException">
      <![CDATA[java.lang.NullPointerException
at testCases.ExecuteTest.CancelAddNewLabel(ExecuteTest.java:128)
at java.base/java.util.ArrayList.forEach(ArrayList.java:1510)
... Removed 27 stack frames]]>
    </failure>
  </testcase> <!-- CancelAddNewLabel -->
  <testcase classname="testCases.ExecuteTest" name="ModifyLabel" time="0.004">
    <failure type="java.lang.NullPointerException">
      <![CDATA[java.lang.NullPointerException
at testCases.ExecuteTest.ModifyLabel(ExecuteTest.java:149)
at java.base/java.util.ArrayList.forEach(ArrayList.java:1510)
... Removed 27 stack frames]]>
    </failure>
  </testcase> <!-- ModifyLabel -->
  <testcase classname="testCases.ExecuteTest" name="DeleteLabel" time="0.004">
    <failure type="java.lang.NullPointerException">
      <![CDATA[java.lang.NullPointerException
at testCases.ExecuteTest.DeleteLabel(ExecuteTest.java:175)
at java.base/java.util.ArrayList.forEach(ArrayList.java:1510)
... Removed 27 stack frames]]>
    </failure>
  </testcase> <!-- DeleteLabel -->
  <testcase classname="testCases.ExecuteTest" name="AssignLabelToEmail" time="0.002">
    <failure type="java.lang.NullPointerException">
      <![CDATA[java.lang.NullPointerException
at testCases.ExecuteTest.AssignLabelToEmail(ExecuteTest.java:191)
at java.base/java.util.ArrayList.forEach(ArrayList.java:1510)
... Removed 27 stack frames]]>
    </failure>
  </testcase> <!-- AssignLabelToEmail -->
</testsuite> <!-- Test firefox  -->
