<?xml version="1.0" encoding="UTF-8"?>
<!-- Generated by org.testng.reporters.JUnitXMLReporter -->
<testsuite ignored="0" hostname="MacBookdeAgnes" failures="0" tests="5" name="Test safari " time="307.051" errors="0" timestamp="2020-04-19T10:56:21 CEST">
  <testcase classname="testCases.ExecuteTest" name="@BeforeTest browserlaunch" time="306.965">
    <failure type="org.openqa.selenium.TimeoutException" message="
Build info: version: &amp;apos;3.141.59&amp;apos;, revision: &amp;apos;e82be7d358&amp;apos;, time: &amp;apos;2018-11-14T08:17:03&amp;apos;
System info: host: &amp;apos;MacBookdeAgnes&amp;apos;, ip: &amp;apos;fe80:0:0:0:6a:3aa:d461:89e3%en0&amp;apos;, os.name: &amp;apos;Mac OS X&amp;apos;, os.arch: &amp;apos;x86_64&amp;apos;, os.version: &amp;apos;10.15.4&amp;apos;, java.version: &amp;apos;14&amp;apos;
Driver info: org.openqa.selenium.safari.SafariDriver
Capabilities {acceptInsecureCerts: false, browserName: Safari, browserVersion: 13.1, javascriptEnabled: true, platform: MAC, platformName: MAC, safari:automaticInspection: false, safari:automaticProfiling: false, safari:diagnose: false, safari:platformBuildVersion: 19E287, safari:platformVersion: 10.15.4, safari:useSimulator: false, setWindowRect: true, strictFileInteractability: false, webkit:WebRTC: {DisableICECandidateFiltering: false, DisableInsecureMediaCapture: false}}
Session ID: C64BA323-00EE-42F2-A934-4501516D5866">
      <![CDATA[org.openqa.selenium.TimeoutException: 
Build info: version: '3.141.59', revision: 'e82be7d358', time: '2018-11-14T08:17:03'
System info: host: 'MacBookdeAgnes', ip: 'fe80:0:0:0:6a:3aa:d461:89e3%en0', os.name: 'Mac OS X', os.arch: 'x86_64', os.version: '10.15.4', java.version: '14'
Driver info: org.openqa.selenium.safari.SafariDriver
Capabilities {acceptInsecureCerts: false, browserName: Safari, browserVersion: 13.1, javascriptEnabled: true, platform: MAC, platformName: MAC, safari:automaticInspection: false, safari:automaticProfiling: false, safari:diagnose: false, safari:platformBuildVersion: 19E287, safari:platformVersion: 10.15.4, safari:useSimulator: false, setWindowRect: true, strictFileInteractability: false, webkit:WebRTC: {DisableICECandidateFiltering: false, DisableInsecureMediaCapture: false}}
Session ID: C64BA323-00EE-42F2-A934-4501516D5866
at org.openqa.selenium.remote.http.W3CHttpResponseCodec.createException(W3CHttpResponseCodec.java:187)
at org.openqa.selenium.remote.http.W3CHttpResponseCodec.decode(W3CHttpResponseCodec.java:122)
at org.openqa.selenium.remote.http.W3CHttpResponseCodec.decode(W3CHttpResponseCodec.java:49)
at org.openqa.selenium.remote.HttpCommandExecutor.execute(HttpCommandExecutor.java:158)
at org.openqa.selenium.remote.service.DriverCommandExecutor.execute(DriverCommandExecutor.java:83)
at org.openqa.selenium.remote.RemoteWebDriver.execute(RemoteWebDriver.java:552)
at org.openqa.selenium.remote.RemoteWebDriver.get(RemoteWebDriver.java:277)
at config.BrowserConfig.setupBrowser(BrowserConfig.java:48)
at testCases.ExecuteTest.browserlaunch(ExecuteTest.java:80)
... Removed 29 stack frames]]>
    </failure>
  </testcase> <!-- @BeforeTest browserlaunch -->
  <testcase classname="testCases.ExecuteTest" name="@AfterTest closeBrowser" time="-1.587286581075E9">
    <skipped/>
  </testcase> <!-- @AfterTest closeBrowser -->
  <testcase classname="testCases.ExecuteTest" name="AddNewLabel" time="0.0">
    <skipped/>
  </testcase> <!-- AddNewLabel -->
  <testcase classname="testCases.ExecuteTest" name="CancelAddNewLabel" time="0.0">
    <skipped/>
  </testcase> <!-- CancelAddNewLabel -->
  <testcase classname="testCases.ExecuteTest" name="ModifyLabel" time="0.0">
    <skipped/>
  </testcase> <!-- ModifyLabel -->
  <testcase classname="testCases.ExecuteTest" name="DeleteLabel" time="0.0">
    <skipped/>
  </testcase> <!-- DeleteLabel -->
  <testcase classname="testCases.ExecuteTest" name="AssignLabelToEmail" time="0.0">
    <skipped/>
  </testcase> <!-- AssignLabelToEmail -->
</testsuite> <!-- Test safari  -->
