<?xml version="1.0" encoding="UTF-8"?>
<!-- Generated by org.testng.reporters.JUnitXMLReporter -->
<testsuite ignored="0" hostname="MacBookdeAgnes" failures="0" tests="4" name="TestOnChrome" time="0.185" errors="0" timestamp="2020-04-18T19:03:36 CEST">
  <testcase classname="testCases.ExecuteTest" name="AddNewLabel" time="0.0">
    <skipped/>
  </testcase> <!-- AddNewLabel -->
  <testcase classname="testCases.ExecuteTest" name="CancelAddNewLabel" time="0.0">
    <skipped/>
  </testcase> <!-- CancelAddNewLabel -->
  <testcase classname="testCases.ExecuteTest" name="ModifyLabel" time="0.0">
    <skipped/>
  </testcase> <!-- ModifyLabel -->
  <testcase classname="testCases.ExecuteTest" name="DeleteLabel" time="0.001">
    <skipped/>
  </testcase> <!-- DeleteLabel -->
</testsuite> <!-- TestOnChrome -->
