<?xml version="1.0" encoding="UTF-8"?>
<!-- Generated by org.testng.reporters.JUnitXMLReporter -->
<testsuite ignored="0" hostname="MacBookdeAgnes" failures="0" tests="4" name="TestOnFirefox" time="0.133" errors="0" timestamp="2020-04-18T19:03:36 CEST">
  <testcase classname="testCases.ExecuteTest" name="@BeforeTest browserlaunch" time="0.009">
    <failure type="java.lang.NullPointerException">
      <![CDATA[java.lang.NullPointerException
at config.BrowserConfig.setupBrowser(BrowserConfig.java:50)
at testCases.ExecuteTest.browserlaunch(ExecuteTest.java:57)
... Removed 24 stack frames]]>
    </failure>
  </testcase> <!-- @BeforeTest browserlaunch -->
  <testcase classname="testCases.ExecuteTest" name="@AfterMethod screenshot" time="-1.587229416064E9">
    <skipped/>
  </testcase> <!-- @AfterMethod screenshot -->
  <testcase classname="testCases.ExecuteTest" name="@AfterMethod screenshot" time="-1.587229416086E9">
    <skipped/>
  </testcase> <!-- @AfterMethod screenshot -->
  <testcase classname="testCases.ExecuteTest" name="@AfterMethod screenshot" time="-1.587229416112E9">
    <skipped/>
  </testcase> <!-- @AfterMethod screenshot -->
  <testcase classname="testCases.ExecuteTest" name="@AfterMethod screenshot" time="-1.587229416131E9">
    <skipped/>
  </testcase> <!-- @AfterMethod screenshot -->
  <testcase classname="testCases.ExecuteTest" name="@AfterTest closeBrowser" time="-1.587229416145E9">
    <skipped/>
  </testcase> <!-- @AfterTest closeBrowser -->
  <testcase classname="testCases.ExecuteTest" name="AddNewLabel" time="0.0">
    <skipped/>
  </testcase> <!-- AddNewLabel -->
  <testcase classname="testCases.ExecuteTest" name="CancelAddNewLabel" time="0.0">
    <skipped/>
  </testcase> <!-- CancelAddNewLabel -->
  <testcase classname="testCases.ExecuteTest" name="ModifyLabel" time="0.0">
    <skipped/>
  </testcase> <!-- ModifyLabel -->
  <testcase classname="testCases.ExecuteTest" name="DeleteLabel" time="0.0">
    <skipped/>
  </testcase> <!-- DeleteLabel -->
</testsuite> <!-- TestOnFirefox -->
